<?xml version="1.0" encoding="UTF-8"?>
<!-- Generated by org.testng.reporters.JUnitReportReporter -->
<testsuite hostname="DESKTOP-8N6EMQG" failures="0" tests="1" name="com.actitime.testscript.CreateCustemer" time="0.016" errors="0" timestamp="2024-10-23T10:19:38 IST" skipped="0">
  <testcase classname="com.actitime.testscript.CreateCustemer" name="createCustemer" time="0.016">
    <system-out>
      <![CDATA[createCustemer]]>
    </system-out>
  </testcase> <!-- createCustemer -->
  <system-out>
    <![CDATA[createCustemer]]>
  </system-out>
</testsuite> <!-- com.actitime.testscript.CreateCustemer -->
